<?xml version="1.0" encoding="UTF-8"?>
<!-- Generated by org.testng.reporters.JUnitReportReporter -->
<testsuite hostname="BIMWize3" failures="0" tests="36" name="com.test.LoginTest" time="20.144" errors="0" timestamp="2022-04-23T23:44:36 EDT" skipped="12">
  <testcase classname="com.test.LoginTest" name="Loginbutton" time="0.000">
    <skipped/>
  </testcase> <!-- Loginbutton -->
  <system-out/>
  <testcase classname="com.test.LoginTest" name="Loginbutton" time="5.592"/>
  <system-out/>
  <testcase classname="com.test.LoginTest" name="Loginbutton" time="5.386"/>
  <system-out/>
  <testcase classname="com.test.LoginTest" name="getstarted" time="3.826"/>
  <system-out/>
  <testcase classname="com.test.LoginTest" name="getstarted" time="0.001">
    <skipped/>
  </testcase> <!-- getstarted -->
  <system-out/>
  <testcase classname="com.test.LoginTest" name="getstarted" time="3.206"/>
  <system-out/>
  <testcase classname="com.test.LoginTest" name="enterEmail" time="0.153"/>
  <system-out>
    <![CDATA[Email id is passed >> abc@gmail.com]]>
  </system-out>
  <testcase classname="com.test.LoginTest" name="enterEmail" time="0.000">
    <skipped/>
  </testcase> <!-- enterEmail -->
  <system-out/>
  <testcase classname="com.test.LoginTest" name="enterEmail" time="0.088"/>
  <system-out>
    <![CDATA[Email id is passed >> abc@gmail.com]]>
  </system-out>
  <testcase classname="com.test.LoginTest" name="enterfn" time="0.083"/>
  <system-out>
    <![CDATA[Firstname id is passed >> abc]]>
  </system-out>
  <testcase classname="com.test.LoginTest" name="enterfn" time="0.129"/>
  <system-out>
    <![CDATA[Firstname id is passed >> abc]]>
  </system-out>
  <testcase classname="com.test.LoginTest" name="enterfn" time="0.000">
    <skipped/>
  </testcase> <!-- enterfn -->
  <system-out/>
  <testcase classname="com.test.LoginTest" name="enterln" time="0.107"/>
  <system-out>
    <![CDATA[lastname id is passed >> xyz]]>
  </system-out>
  <testcase classname="com.test.LoginTest" name="enterln" time="0.000">
    <skipped/>
  </testcase> <!-- enterln -->
  <system-out/>
  <testcase classname="com.test.LoginTest" name="enterln" time="0.127"/>
  <system-out>
    <![CDATA[lastname id is passed >> xyz]]>
  </system-out>
  <testcase classname="com.test.LoginTest" name="enterpwd" time="0.093"/>
  <system-out>
    <![CDATA[passwrod id is passed >> test@123]]>
  </system-out>
  <testcase classname="com.test.LoginTest" name="enterpwd" time="0.000">
    <skipped/>
  </testcase> <!-- enterpwd -->
  <system-out/>
  <testcase classname="com.test.LoginTest" name="enterpwd" time="0.152"/>
  <system-out>
    <![CDATA[passwrod id is passed >> test@123]]>
  </system-out>
  <testcase classname="com.test.LoginTest" name="confirmpassword" time="0.049"/>
  <system-out/>
  <testcase classname="com.test.LoginTest" name="confirmpassword" time="0.145"/>
  <system-out/>
  <testcase classname="com.test.LoginTest" name="confirmpassword" time="0.000">
    <skipped/>
  </testcase> <!-- confirmpassword -->
  <system-out/>
  <testcase classname="com.test.LoginTest" name="validenterEmail" time="0.135"/>
  <system-out>
    <![CDATA[valid Email id is passed >> pooja@gmail.com]]>
  </system-out>
  <testcase classname="com.test.LoginTest" name="validenterEmail" time="0.085"/>
  <system-out>
    <![CDATA[valid Email id is passed >> pooja@gmail.com]]>
  </system-out>
  <testcase classname="com.test.LoginTest" name="validenterEmail" time="0.000">
    <skipped/>
  </testcase> <!-- validenterEmail -->
  <system-out/>
  <testcase classname="com.test.LoginTest" name="validenterfn" time="0.115"/>
  <system-out>
    <![CDATA[valid Firstname id is passed >> Pooja]]>
  </system-out>
  <testcase classname="com.test.LoginTest" name="validenterfn" time="0.116"/>
  <system-out>
    <![CDATA[valid Firstname id is passed >> Pooja]]>
  </system-out>
  <testcase classname="com.test.LoginTest" name="validenterfn" time="0.001">
    <skipped/>
  </testcase> <!-- validenterfn -->
  <system-out/>
  <testcase classname="com.test.LoginTest" name="validenterln" time="0.116"/>
  <system-out>
    <![CDATA[valid lastname id is passed >> Kapoor]]>
  </system-out>
  <testcase classname="com.test.LoginTest" name="validenterln" time="0.000">
    <skipped/>
  </testcase> <!-- validenterln -->
  <system-out/>
  <testcase classname="com.test.LoginTest" name="validenterln" time="0.087"/>
  <system-out>
    <![CDATA[valid lastname id is passed >> Kapoor]]>
  </system-out>
  <testcase classname="com.test.LoginTest" name="validenterpwd" time="0.000">
    <skipped/>
  </testcase> <!-- validenterpwd -->
  <system-out/>
  <testcase classname="com.test.LoginTest" name="validenterpwd" time="0.122"/>
  <system-out>
    <![CDATA[valid passwrod id is passed >> abc@123]]>
  </system-out>
  <testcase classname="com.test.LoginTest" name="validenterpwd" time="0.091"/>
  <system-out>
    <![CDATA[valid passwrod id is passed >> abc@123]]>
  </system-out>
  <testcase classname="com.test.LoginTest" name="validconfirmpassword" time="0.034"/>
  <system-out/>
  <testcase classname="com.test.LoginTest" name="validconfirmpassword" time="0.105"/>
  <system-out/>
  <testcase classname="com.test.LoginTest" name="validconfirmpassword" time="0.000">
    <skipped/>
  </testcase> <!-- validconfirmpassword -->
  <system-out/>
</testsuite> <!-- com.test.LoginTest -->
